# JRE version: OpenJDK Runtime Environment (11.0.15) (build 11.0.15+0-b2043.56-9505619)
# Java VM: OpenJDK 64-Bit Server VM (11.0.15+0-b2043.56-9505619, mixed mode, tiered, compressed oops, g1 gc, windows-amd64)
Heap:
 garbage-first heap   total 328704K, used 150111K [0x0000000080000000, 0x0000000100000000)
  region size 1024K, 9 young (9216K), 9 survivors (9216K)
 Metaspace       used 110303K, capacity 113062K, committed 113392K, reserved 1148928K
  class space    used 13460K, capacity 14486K, committed 14668K, reserved 1048576K
GC Heap History (20 events):
Event: 71.235 GC heap after
{Heap after GC invocations=49 (full 0):
 garbage-first heap   total 273408K, used 115556K [0x0000000080000000, 0x0000000100000000)
  region size 1024K, 11 young (11264K), 11 survivors (11264K)
 Metaspace       used 97751K, capacity 100026K, committed 100208K, reserved 1136640K
  class space    used 11874K, capacity 12622K, committed 12748K, reserved 1048576K
}
Event: 72.782 GC heap before
{Heap before GC invocations=49 (full 0):
 garbage-first heap   total 273408K, used 218980K [0x0000000080000000, 0x0000000100000000)
  region size 1024K, 106 young (108544K), 11 survivors (11264K)
 Metaspace       used 98255K, capacity 100637K, committed 100720K, reserved 1136640K
  class space    used 11954K, capacity 12741K, committed 12748K, reserved 1048576K
}
Event: 72.811 GC heap after
{Heap after GC invocations=50 (full 0):
 garbage-first heap   total 273408K, used 122462K [0x0000000080000000, 0x0000000100000000)
  region size 1024K, 10 young (10240K), 10 survivors (10240K)
 Metaspace       used 98255K, capacity 100637K, committed 100720K, reserved 1136640K
  class space    used 11954K, capacity 12741K, committed 12748K, reserved 1048576K
}
Event: 75.361 GC heap before
{Heap before GC invocations=50 (full 0):
 garbage-first heap   total 273408K, used 218718K [0x0000000080000000, 0x0000000100000000)
  region size 1024K, 105 young (107520K), 10 survivors (10240K)
 Metaspace       used 102691K, capacity 105195K, committed 105584K, reserved 1140736K
  class space    used 12535K, capacity 13380K, committed 13516K, reserved 1048576K
}
Event: 75.439 GC heap after
{Heap after GC invocations=51 (full 0):
 garbage-first heap   total 273408K, used 142336K [0x0000000080000000, 0x0000000100000000)
  region size 1024K, 14 young (14336K), 14 survivors (14336K)
 Metaspace       used 102691K, capacity 105195K, committed 105584K, reserved 1140736K
  class space    used 12535K, capacity 13380K, committed 13516K, reserved 1048576K
}
Event: 78.010 GC heap before
{Heap before GC invocations=51 (full 0):
 garbage-first heap   total 273408K, used 216064K [0x0000000080000000, 0x0000000100000000)
  region size 1024K, 86 young (88064K), 14 survivors (14336K)
 Metaspace       used 107491K, capacity 110207K, committed 110448K, reserved 1144832K
  class space    used 13240K, capacity 14199K, committed 14284K, reserved 1048576K
}
Event: 78.082 GC heap after
{Heap after GC invocations=52 (full 0):
 garbage-first heap   total 273408K, used 149504K [0x0000000080000000, 0x0000000100000000)
  region size 1024K, 9 young (9216K), 9 survivors (9216K)
 Metaspace       used 107491K, capacity 110207K, committed 110448K, reserved 1144832K
  class space    used 13240K, capacity 14199K, committed 14284K, reserved 1048576K
}
Event: 80.268 GC heap before
{Heap before GC invocations=53 (full 0):
 garbage-first heap   total 273408K, used 217088K [0x0000000080000000, 0x0000000100000000)
  region size 1024K, 78 young (79872K), 9 survivors (9216K)
 Metaspace       used 108455K, capacity 111116K, committed 111216K, reserved 1146880K
  class space    used 13270K, capacity 14235K, committed 14284K, reserved 1048576K
}
Event: 80.305 GC heap after
{Heap after GC invocations=54 (full 0):
 garbage-first heap   total 273408K, used 149959K [0x0000000080000000, 0x0000000100000000)
  region size 1024K, 4 young (4096K), 4 survivors (4096K)
 Metaspace       used 108455K, capacity 111116K, committed 111216K, reserved 1146880K
  class space    used 13270K, capacity 14235K, committed 14284K, reserved 1048576K
}
Event: 80.532 GC heap before
{Heap before GC invocations=54 (full 0):
 garbage-first heap   total 273408K, used 158151K [0x0000000080000000, 0x0000000100000000)
  region size 1024K, 13 young (13312K), 4 survivors (4096K)
 Metaspace       used 108492K, capacity 111180K, committed 111472K, reserved 1146880K
  class space    used 13276K, capacity 14235K, committed 14284K, reserved 1048576K
}
Event: 80.555 GC heap after
{Heap after GC invocations=55 (full 0):
 garbage-first heap   total 273408K, used 137051K [0x0000000080000000, 0x0000000100000000)
  region size 1024K, 1 young (1024K), 1 survivors (1024K)
 Metaspace       used 108492K, capacity 111180K, committed 111472K, reserved 1146880K
  class space    used 13276K, capacity 14235K, committed 14284K, reserved 1048576K
}
Event: 82.280 GC heap before
{Heap before GC invocations=55 (full 0):
 garbage-first heap   total 273408K, used 215899K [0x0000000080000000, 0x0000000100000000)
  region size 1024K, 78 young (79872K), 1 survivors (1024K)
 Metaspace       used 110205K, capacity 113066K, committed 113392K, reserved 1148928K
  class space    used 13506K, capacity 14556K, committed 14668K, reserved 1048576K
}
Event: 82.296 GC heap after
{Heap after GC invocations=56 (full 0):
 garbage-first heap   total 273408K, used 139685K [0x0000000080000000, 0x0000000100000000)
  region size 1024K, 4 young (4096K), 4 survivors (4096K)
 Metaspace       used 110205K, capacity 113066K, committed 113392K, reserved 1148928K
  class space    used 13506K, capacity 14556K, committed 14668K, reserved 1048576K
}
Event: 83.833 GC heap before
{Heap before GC invocations=57 (full 0):
 garbage-first heap   total 273408K, used 218533K [0x0000000080000000, 0x0000000100000000)
  region size 1024K, 82 young (83968K), 4 survivors (4096K)
 Metaspace       used 110085K, capacity 112849K, committed 113392K, reserved 1148928K
  class space    used 13443K, capacity 14441K, committed 14668K, reserved 1048576K
}
Event: 83.861 GC heap after
{Heap after GC invocations=58 (full 0):
 garbage-first heap   total 273408K, used 145885K [0x0000000080000000, 0x0000000100000000)
  region size 1024K, 10 young (10240K), 10 survivors (10240K)
 Metaspace       used 110085K, capacity 112849K, committed 113392K, reserved 1148928K
  class space    used 13443K, capacity 14441K, committed 14668K, reserved 1048576K
}
Event: 83.875 GC heap before
{Heap before GC invocations=58 (full 0):
 garbage-first heap   total 273408K, used 148957K [0x0000000080000000, 0x0000000100000000)
  region size 1024K, 13 young (13312K), 10 survivors (10240K)
 Metaspace       used 110087K, capacity 112849K, committed 113392K, reserved 1148928K
  class space    used 13443K, capacity 14441K, committed 14668K, reserved 1048576K
}
Event: 83.904 GC heap after
{Heap after GC invocations=59 (full 0):
 garbage-first heap   total 273408K, used 143107K [0x0000000080000000, 0x0000000100000000)
  region size 1024K, 2 young (2048K), 2 survivors (2048K)
 Metaspace       used 110087K, capacity 112849K, committed 113392K, reserved 1148928K
  class space    used 13443K, capacity 14441K, committed 14668K, reserved 1048576K
}
Event: 84.763 GC heap before
{Heap before GC invocations=59 (full 0):
 garbage-first heap   total 273408K, used 219907K [0x0000000080000000, 0x0000000100000000)
  region size 1024K, 78 young (79872K), 2 survivors (2048K)
 Metaspace       used 110204K, capacity 112958K, committed 113392K, reserved 1148928K
  class space    used 13454K, capacity 14454K, committed 14668K, reserved 1048576K
}
Event: 84.804 GC heap after
{Heap after GC invocations=60 (full 0):
 garbage-first heap   total 273408K, used 147049K [0x0000000080000000, 0x0000000100000000)
  region size 1024K, 6 young (6144K), 6 survivors (6144K)
 Metaspace       used 110204K, capacity 112958K, committed 113392K, reserved 1148928K
  class space    used 13454K, capacity 14454K, committed 14668K, reserved 1048576K
}
Event: 86.228 GC heap before
{Heap before GC invocations=61 (full 0):
 garbage-first heap   total 273408K, used 223849K [0x0000000080000000, 0x0000000100000000)
  region size 1024K, 81 young (82944K), 6 survivors (6144K)
 Metaspace       used 110303K, capacity 113062K, committed 113392K, reserved 1148928K
  class space    used 13460K, capacity 14486K, committed 14668K, reserved 1048576K
}

