# JRE version: OpenJDK Runtime Environment (11.0.15) (build 11.0.15+0-b2043.56-9505619)
# Java VM: OpenJDK 64-Bit Server VM (11.0.15+0-b2043.56-9505619, mixed mode, tiered, compressed oops, g1 gc, windows-amd64)
Heap:
 garbage-first heap   total 600064K, used 520888K [0x0000000080000000, 0x0000000100000000)
  region size 1024K, 230 young (235520K), 19 survivors (19456K)
 Metaspace       used 115537K, capacity 118856K, committed 118992K, reserved 1153024K
  class space    used 14176K, capacity 15326K, committed 15360K, reserved 1048576K
GC Heap History (20 events):
Event: 843.545 GC heap before
{Heap before GC invocations=148 (full 0):
 garbage-first heap   total 600064K, used 410744K [0x0000000080000000, 0x0000000100000000)
  region size 1024K, 155 young (158720K), 9 survivors (9216K)
 Metaspace       used 114486K, capacity 117705K, committed 117968K, reserved 1153024K
  class space    used 14116K, capacity 15274K, committed 15360K, reserved 1048576K
}
Event: 843.578 GC heap after
{Heap after GC invocations=149 (full 0):
 garbage-first heap   total 600064K, used 262664K [0x0000000080000000, 0x0000000100000000)
  region size 1024K, 10 young (10240K), 10 survivors (10240K)
 Metaspace       used 114486K, capacity 117705K, committed 117968K, reserved 1153024K
  class space    used 14116K, capacity 15274K, committed 15360K, reserved 1048576K
}
Event: 845.526 GC heap before
{Heap before GC invocations=149 (full 0):
 garbage-first heap   total 600064K, used 507400K [0x0000000080000000, 0x0000000100000000)
  region size 1024K, 249 young (254976K), 10 survivors (10240K)
 Metaspace       used 114541K, capacity 117776K, committed 117968K, reserved 1153024K
  class space    used 14117K, capacity 15275K, committed 15360K, reserved 1048576K
}
Event: 845.568 GC heap after
{Heap after GC invocations=150 (full 0):
 garbage-first heap   total 600064K, used 266903K [0x0000000080000000, 0x0000000100000000)
  region size 1024K, 14 young (14336K), 14 survivors (14336K)
 Metaspace       used 114541K, capacity 117776K, committed 117968K, reserved 1153024K
  class space    used 14117K, capacity 15275K, committed 15360K, reserved 1048576K
}
Event: 848.330 GC heap before
{Heap before GC invocations=150 (full 0):
 garbage-first heap   total 600064K, used 510615K [0x0000000080000000, 0x0000000100000000)
  region size 1024K, 252 young (258048K), 14 survivors (14336K)
 Metaspace       used 114601K, capacity 117779K, committed 117968K, reserved 1153024K
  class space    used 14122K, capacity 15276K, committed 15360K, reserved 1048576K
}
Event: 848.377 GC heap after
{Heap after GC invocations=151 (full 0):
 garbage-first heap   total 600064K, used 272140K [0x0000000080000000, 0x0000000100000000)
  region size 1024K, 19 young (19456K), 19 survivors (19456K)
 Metaspace       used 114601K, capacity 117779K, committed 117968K, reserved 1153024K
  class space    used 14122K, capacity 15276K, committed 15360K, reserved 1048576K
}
Event: 851.694 GC heap before
{Heap before GC invocations=151 (full 0):
 garbage-first heap   total 600064K, used 516876K [0x0000000080000000, 0x0000000100000000)
  region size 1024K, 256 young (262144K), 19 survivors (19456K)
 Metaspace       used 114964K, capacity 118198K, committed 118480K, reserved 1153024K
  class space    used 14130K, capacity 15287K, committed 15360K, reserved 1048576K
}
Event: 851.772 GC heap after
{Heap after GC invocations=152 (full 0):
 garbage-first heap   total 600064K, used 281252K [0x0000000080000000, 0x0000000100000000)
  region size 1024K, 23 young (23552K), 23 survivors (23552K)
 Metaspace       used 114964K, capacity 118198K, committed 118480K, reserved 1153024K
  class space    used 14130K, capacity 15287K, committed 15360K, reserved 1048576K
}
Event: 853.982 GC heap before
{Heap before GC invocations=152 (full 0):
 garbage-first heap   total 600064K, used 509604K [0x0000000080000000, 0x0000000100000000)
  region size 1024K, 246 young (251904K), 23 survivors (23552K)
 Metaspace       used 115011K, capacity 118339K, committed 118480K, reserved 1153024K
  class space    used 14131K, capacity 15287K, committed 15360K, reserved 1048576K
}
Event: 854.069 GC heap after
{Heap after GC invocations=153 (full 0):
 garbage-first heap   total 600064K, used 290857K [0x0000000080000000, 0x0000000100000000)
  region size 1024K, 26 young (26624K), 26 survivors (26624K)
 Metaspace       used 115011K, capacity 118339K, committed 118480K, reserved 1153024K
  class space    used 14131K, capacity 15287K, committed 15360K, reserved 1048576K
}
Event: 856.215 GC heap before
{Heap before GC invocations=153 (full 0):
 garbage-first heap   total 600064K, used 505897K [0x0000000080000000, 0x0000000100000000)
  region size 1024K, 236 young (241664K), 26 survivors (26624K)
 Metaspace       used 115046K, capacity 118345K, committed 118480K, reserved 1153024K
  class space    used 14133K, capacity 15288K, committed 15360K, reserved 1048576K
}
Event: 856.274 GC heap after
{Heap after GC invocations=154 (full 0):
 garbage-first heap   total 600064K, used 287547K [0x0000000080000000, 0x0000000100000000)
  region size 1024K, 12 young (12288K), 12 survivors (12288K)
 Metaspace       used 115046K, capacity 118345K, committed 118480K, reserved 1153024K
  class space    used 14133K, capacity 15288K, committed 15360K, reserved 1048576K
}
Event: 858.047 GC heap before
{Heap before GC invocations=154 (full 0):
 garbage-first heap   total 600064K, used 509755K [0x0000000080000000, 0x0000000100000000)
  region size 1024K, 229 young (234496K), 12 survivors (12288K)
 Metaspace       used 115078K, capacity 118350K, committed 118480K, reserved 1153024K
  class space    used 14134K, capacity 15289K, committed 15360K, reserved 1048576K
}
Event: 858.074 GC heap after
{Heap after GC invocations=155 (full 0):
 garbage-first heap   total 600064K, used 286523K [0x0000000080000000, 0x0000000100000000)
  region size 1024K, 11 young (11264K), 11 survivors (11264K)
 Metaspace       used 115078K, capacity 118350K, committed 118480K, reserved 1153024K
  class space    used 14134K, capacity 15289K, committed 15360K, reserved 1048576K
}
Event: 861.788 GC heap before
{Heap before GC invocations=155 (full 0):
 garbage-first heap   total 600064K, used 514875K [0x0000000080000000, 0x0000000100000000)
  region size 1024K, 233 young (238592K), 11 survivors (11264K)
 Metaspace       used 115105K, capacity 118414K, committed 118736K, reserved 1153024K
  class space    used 14134K, capacity 15289K, committed 15360K, reserved 1048576K
}
Event: 861.818 GC heap after
{Heap after GC invocations=156 (full 0):
 garbage-first heap   total 600064K, used 287035K [0x0000000080000000, 0x0000000100000000)
  region size 1024K, 12 young (12288K), 12 survivors (12288K)
 Metaspace       used 115105K, capacity 118414K, committed 118736K, reserved 1153024K
  class space    used 14134K, capacity 15289K, committed 15360K, reserved 1048576K
}
Event: 872.046 GC heap before
{Heap before GC invocations=156 (full 0):
 garbage-first heap   total 600064K, used 516411K [0x0000000080000000, 0x0000000100000000)
  region size 1024K, 236 young (241664K), 12 survivors (12288K)
 Metaspace       used 115111K, capacity 118414K, committed 118736K, reserved 1153024K
  class space    used 14134K, capacity 15289K, committed 15360K, reserved 1048576K
}
Event: 872.096 GC heap after
{Heap after GC invocations=157 (full 0):
 garbage-first heap   total 600064K, used 293691K [0x0000000080000000, 0x0000000100000000)
  region size 1024K, 18 young (18432K), 18 survivors (18432K)
 Metaspace       used 115111K, capacity 118414K, committed 118736K, reserved 1153024K
  class space    used 14134K, capacity 15289K, committed 15360K, reserved 1048576K
}
Event: 880.064 GC heap before
{Heap before GC invocations=157 (full 0):
 garbage-first heap   total 600064K, used 513851K [0x0000000080000000, 0x0000000100000000)
  region size 1024K, 234 young (239616K), 18 survivors (18432K)
 Metaspace       used 115148K, capacity 118416K, committed 118736K, reserved 1153024K
  class space    used 14134K, capacity 15289K, committed 15360K, reserved 1048576K
}
Event: 880.125 GC heap after
{Heap after GC invocations=158 (full 0):
 garbage-first heap   total 600064K, used 297656K [0x0000000080000000, 0x0000000100000000)
  region size 1024K, 19 young (19456K), 19 survivors (19456K)
 Metaspace       used 115148K, capacity 118416K, committed 118736K, reserved 1153024K
  class space    used 14134K, capacity 15289K, committed 15360K, reserved 1048576K
}

